<?xml version="1.0" encoding="UTF-8"?>
<!-- Generated by org.testng.reporters.JUnitReportReporter -->
<testsuite hostname="DESKTOP-NEIIIP6" failures="0" tests="5" name="Vtiger.TC_Vtiger_035" time="98.241" errors="0" timestamp="2023-03-28T09:44:06 IST" skipped="0">
  <testcase classname="Vtiger.TC_Vtiger_035" name="toEnterDataToStreetTextField" time="18.653"/>
  <system-out>
1234567 is entered  </system-out>
  <testcase classname="Vtiger.TC_Vtiger_035" name="toEnterDataToStreetTextField" time="21.307"/>
  <system-out>
Bangalore is entered  </system-out>
  <testcase classname="Vtiger.TC_Vtiger_035" name="toEnterDataToStreetTextField" time="20.667"/>
  <system-out>
@#$%^&* is entered  </system-out>
  <testcase classname="Vtiger.TC_Vtiger_035" name="toEnterDataToStreetTextField" time="19.050"/>
  <system-out>
Bangalore3421 is entered  </system-out>
  <testcase classname="Vtiger.TC_Vtiger_035" name="toEnterDataToStreetTextField" time="18.564"/>
  <system-out>
Bangalore@!@# is entered  </system-out>
</testsuite> <!-- Vtiger.TC_Vtiger_035 -->
