<?xml version="1.0" encoding="UTF-8"?>
<!-- Generated by org.testng.reporters.JUnitReportReporter -->
<testsuite hostname="DESKTOP-NEIIIP6" failures="0" tests="1" name="Vtiger.TC_Vtiger_007" time="11.409" errors="0" timestamp="2023-03-24T16:49:15 IST" skipped="0">
  <testcase classname="Vtiger.TC_Vtiger_007" name="toClickOnImportLeads" time="11.409"/>
  <system-out>
Import leads page is displayed  </system-out>
</testsuite> <!-- Vtiger.TC_Vtiger_007 -->
