<?xml version="1.0" encoding="UTF-8"?>
<!-- Generated by org.testng.reporters.JUnitReportReporter -->
<testsuite hostname="DESKTOP-NEIIIP6" failures="0" tests="5" name="Vtiger.TC_Vtiger_038" time="105.241" errors="0" timestamp="2023-03-28T10:05:42 IST" skipped="0">
  <testcase classname="Vtiger.TC_Vtiger_038" name="toEnterDataToPOBoxTextField" time="17.912"/>
  <system-out>
1234567 is entered  </system-out>
  <testcase classname="Vtiger.TC_Vtiger_038" name="toEnterDataToPOBoxTextField" time="23.001"/>
  <system-out>
India@!@# is entered  </system-out>
  <testcase classname="Vtiger.TC_Vtiger_038" name="toEnterDataToPOBoxTextField" time="19.742"/>
  <system-out>
India is entered  </system-out>
  <testcase classname="Vtiger.TC_Vtiger_038" name="toEnterDataToPOBoxTextField" time="20.884"/>
  <system-out>
@#$%^&* is entered  </system-out>
  <testcase classname="Vtiger.TC_Vtiger_038" name="toEnterDataToPOBoxTextField" time="23.702"/>
  <system-out>
India3421 is entered  </system-out>
</testsuite> <!-- Vtiger.TC_Vtiger_038 -->
