<?xml version="1.0" encoding="UTF-8"?>
<!-- Generated by org.testng.reporters.JUnitReportReporter -->
<testsuite hostname="DESKTOP-NEIIIP6" failures="0" tests="6" name="Vtiger.TC_Vtiger_026" time="97.190" errors="0" timestamp="2023-03-25T13:11:55 IST" skipped="0">
  <testcase classname="Vtiger.TC_Vtiger_026" name="toEnterDataToEmployees" time="14.405"/>
  <system-out>
@!##$% is entered  </system-out>
  <testcase classname="Vtiger.TC_Vtiger_026" name="toEnterDataToEmployees" time="16.501"/>
  <system-out>
14 is entered  </system-out>
  <testcase classname="Vtiger.TC_Vtiger_026" name="toEnterDataToEmployees" time="17.687"/>
  <system-out>
123@!# is entered  </system-out>
  <testcase classname="Vtiger.TC_Vtiger_026" name="toEnterDataToEmployees" time="15.836"/>
  <system-out>
14578 is entered  </system-out>
  <testcase classname="Vtiger.TC_Vtiger_026" name="toEnterDataToEmployees" time="17.367"/>
  <system-out>
Bhoomi23!@ is entered  </system-out>
  <testcase classname="Vtiger.TC_Vtiger_026" name="toEnterDataToEmployees" time="15.394"/>
  <system-out>
Bhoomi123 is entered  </system-out>
</testsuite> <!-- Vtiger.TC_Vtiger_026 -->
