<?xml version="1.0" encoding="UTF-8"?>
<!-- Generated by org.testng.reporters.JUnitReportReporter -->
<testsuite hostname="DESKTOP-NEIIIP6" failures="0" tests="1" name="Vtiger.TC_Vtiger_033" time="23.129" errors="0" timestamp="2023-03-27T16:17:46 IST" skipped="0">
  <testcase classname="Vtiger.TC_Vtiger_033" name="toSelectOptionToLeadSource" time="23.129"/>
  <system-out>
--None-- option is selected Attempted to Contact option is selected Cold option is selected Contact in Future option is selected Contacted option is selected Hot option is selected Junk Lead option is selected Lost Lead option is selected Not Contacted option is selected Pre Qualified option is selected Qualified option is selected Warm option is selected  </system-out>
</testsuite> <!-- Vtiger.TC_Vtiger_033 -->
