<?xml version="1.0" encoding="UTF-8"?>
<!-- Generated by org.testng.reporters.JUnitReportReporter -->
<testsuite hostname="DESKTOP-NEIIIP6" failures="0" tests="6" name="Vtiger.TC_Vtiger_022" time="68.664" errors="0" timestamp="2023-03-27T09:59:18 IST" skipped="0">
  <testcase classname="Vtiger.TC_Vtiger_022" name="toEnterDataToCompany" time="11.091"/>
  <system-out>
@!##$% is entered  </system-out>
  <testcase classname="Vtiger.TC_Vtiger_022" name="toEnterDataToCompany" time="13.523"/>
  <system-out>
Bhoomi23!@ is entered  </system-out>
  <testcase classname="Vtiger.TC_Vtiger_022" name="toEnterDataToCompany" time="10.942"/>
  <system-out>
Bhoomi123 is entered  </system-out>
  <testcase classname="Vtiger.TC_Vtiger_022" name="toEnterDataToCompany" time="11.007"/>
  <system-out>
Bhoomika is entered  </system-out>
  <testcase classname="Vtiger.TC_Vtiger_022" name="toEnterDataToCompany" time="10.880"/>
  <system-out>
123456 is entered  </system-out>
  <testcase classname="Vtiger.TC_Vtiger_022" name="toEnterDataToCompany" time="11.221"/>
  <system-out>
123@!# is entered  </system-out>
</testsuite> <!-- Vtiger.TC_Vtiger_022 -->
