<?xml version="1.0" encoding="UTF-8"?>
<!-- Generated by org.testng.reporters.JUnitReportReporter -->
<testsuite hostname="DESKTOP-NEIIIP6" failures="0" tests="1" name="Vtiger.TC_Vtiger_024" time="19.195" errors="0" timestamp="2023-03-25T12:47:53 IST" skipped="0">
  <testcase classname="Vtiger.TC_Vtiger_024" name="toSelectOptionToLeadSource" time="19.195"/>
  <system-out>
--None-- is selected Cold Call is selected Existing Customer is selected Self Generated is selected Employee is selected Partner is selected Public Relations is selected Direct Mail is selected Conference is selected Trade Show is selected Web Site is selected Word of mouth is selected Other is selected  </system-out>
</testsuite> <!-- Vtiger.TC_Vtiger_024 -->
