<?xml version="1.0" encoding="UTF-8"?>
<!-- Generated by org.testng.reporters.JUnitReportReporter -->
<testsuite hostname="DESKTOP-NEIIIP6" failures="0" tests="5" name="Vtiger.TC_Vtiger_032" time="103.522" errors="0" timestamp="2023-03-27T16:04:41 IST" skipped="0">
  <testcase classname="Vtiger.TC_Vtiger_032" name="toEnterDataToWebsite" time="22.986"/>
  <system-out>
www.1245.com is entered  </system-out>
  <testcase classname="Vtiger.TC_Vtiger_032" name="toEnterDataToWebsite" time="23.490"/>
  <system-out>
abcd23 is entered  </system-out>
  <testcase classname="Vtiger.TC_Vtiger_032" name="toEnterDataToWebsite" time="18.244"/>
  <system-out>
www.abcd.com is entered  </system-out>
  <testcase classname="Vtiger.TC_Vtiger_032" name="toEnterDataToWebsite" time="18.617"/>
  <system-out>
147895 is entered  </system-out>
  <testcase classname="Vtiger.TC_Vtiger_032" name="toEnterDataToWebsite" time="20.185"/>
  <system-out>
abcd@#$ is entered  </system-out>
</testsuite> <!-- Vtiger.TC_Vtiger_032 -->
