<?xml version="1.0" encoding="UTF-8"?>
<!-- Generated by org.testng.reporters.JUnitReportReporter -->
<testsuite hostname="DESKTOP-NEIIIP6" failures="0" tests="1" name="Vtiger.TC_Vtiger_006" time="10.515" errors="0" timestamp="2023-03-24T16:15:13 IST" skipped="0">
  <testcase classname="Vtiger.TC_Vtiger_006" name="toClickOnChat" time="10.515"/>
  <system-out>
Chat pop-up is displayed  </system-out>
</testsuite> <!-- Vtiger.TC_Vtiger_006 -->
