<?xml version="1.0" encoding="UTF-8"?>
<!-- Generated by org.testng.reporters.JUnitReportReporter -->
<testsuite hostname="DESKTOP-NEIIIP6" failures="0" tests="1" name="Vtiger.TC_Vtiger_016" time="16.701" errors="0" timestamp="2023-03-25T10:07:03 IST" skipped="0">
  <testcase classname="Vtiger.TC_Vtiger_016" name="toClickOnDeleteButton" time="16.701"/>
  <system-out>
Delete pop up is displayed  </system-out>
</testsuite> <!-- Vtiger.TC_Vtiger_016 -->
