<?xml version="1.0" encoding="UTF-8"?>
<!-- Generated by org.testng.reporters.JUnitReportReporter -->
<testsuite hostname="DESKTOP-NEIIIP6" failures="0" tests="6" name="Vtiger.TC_Vtiger_020" time="119.785" errors="0" timestamp="2023-03-27T09:41:53 IST" skipped="0">
  <testcase classname="Vtiger.TC_Vtiger_020" name="toEnterDataToFirstName" time="22.980"/>
  <system-out>
@!##$% is entered  </system-out>
  <testcase classname="Vtiger.TC_Vtiger_020" name="toEnterDataToFirstName" time="19.312"/>
  <system-out>
Bhoomi23!@ is entered  </system-out>
  <testcase classname="Vtiger.TC_Vtiger_020" name="toEnterDataToFirstName" time="19.240"/>
  <system-out>
123456 is entered  </system-out>
  <testcase classname="Vtiger.TC_Vtiger_020" name="toEnterDataToFirstName" time="19.221"/>
  <system-out>
Bhoomi123 is entered  </system-out>
  <testcase classname="Vtiger.TC_Vtiger_020" name="toEnterDataToFirstName" time="19.756"/>
  <system-out>
123@!# is entered  </system-out>
  <testcase classname="Vtiger.TC_Vtiger_020" name="toEnterDataToFirstName" time="19.276"/>
  <system-out>
Bhoomika is entered  </system-out>
</testsuite> <!-- Vtiger.TC_Vtiger_020 -->
