<?xml version="1.0" encoding="UTF-8"?>
<!-- Generated by org.testng.reporters.JUnitReportReporter -->
<testsuite hostname="DESKTOP-NEIIIP6" failures="0" tests="5" name="Vtiger.TC_Vtiger_030" time="110.167" errors="0" timestamp="2023-03-27T15:59:49 IST" skipped="0">
  <testcase classname="Vtiger.TC_Vtiger_030" name="toEnterDataToFax" time="22.609"/>
  <system-out>
25463187 is entered  </system-out>
  <testcase classname="Vtiger.TC_Vtiger_030" name="toEnterDataToFax" time="24.036"/>
  <system-out>
98765432198 is entered  </system-out>
  <testcase classname="Vtiger.TC_Vtiger_030" name="toEnterDataToFax" time="19.911"/>
  <system-out>
9876543210 is entered  </system-out>
  <testcase classname="Vtiger.TC_Vtiger_030" name="toEnterDataToFax" time="21.348"/>
  <system-out>
dhghbhwq is entered  </system-out>
  <testcase classname="Vtiger.TC_Vtiger_030" name="toEnterDataToFax" time="22.263"/>
  <system-out>
selenium@123 is entered  </system-out>
</testsuite> <!-- Vtiger.TC_Vtiger_030 -->
