<?xml version="1.0" encoding="UTF-8"?>
<!-- Generated by org.testng.reporters.JUnitReportReporter -->
<testsuite hostname="DESKTOP-NEIIIP6" failures="0" tests="1" name="Vtiger.TC_Vtiger_002" time="11.424" errors="0" timestamp="2023-03-24T15:11:27 IST" skipped="0">
  <testcase classname="Vtiger.TC_Vtiger_002" name="toClickCreateLeads" time="11.424"/>
  <system-out>
Create lead page displayed  </system-out>
</testsuite> <!-- Vtiger.TC_Vtiger_002 -->
