<?xml version="1.0" encoding="UTF-8"?>
<!-- Generated by org.testng.reporters.JUnitReportReporter -->
<testsuite hostname="DESKTOP-NEIIIP6" failures="0" tests="6" name="Vtiger.TC_Vtiger_021" time="70.299" errors="0" timestamp="2023-03-27T09:53:47 IST" skipped="0">
  <testcase classname="Vtiger.TC_Vtiger_021" name="toEnterDataToLastName" time="11.018"/>
  <system-out>
@!##$% is entered  </system-out>
  <testcase classname="Vtiger.TC_Vtiger_021" name="toEnterDataToLastName" time="13.234"/>
  <system-out>
Bhoomi23!@ is entered  </system-out>
  <testcase classname="Vtiger.TC_Vtiger_021" name="toEnterDataToLastName" time="11.228"/>
  <system-out>
Bhoomi123 is entered  </system-out>
  <testcase classname="Vtiger.TC_Vtiger_021" name="toEnterDataToLastName" time="12.327"/>
  <system-out>
Bhoomika is entered  </system-out>
  <testcase classname="Vtiger.TC_Vtiger_021" name="toEnterDataToLastName" time="11.677"/>
  <system-out>
123456 is entered  </system-out>
  <testcase classname="Vtiger.TC_Vtiger_021" name="toEnterDataToLastName" time="10.815"/>
  <system-out>
123@!# is entered  </system-out>
</testsuite> <!-- Vtiger.TC_Vtiger_021 -->
