<?xml version="1.0" encoding="UTF-8"?>
<!-- Generated by org.testng.reporters.JUnitReportReporter -->
<testsuite hostname="DESKTOP-NEIIIP6" failures="0" tests="5" name="Vtiger.TC_Vtiger_037" time="105.191" errors="0" timestamp="2023-03-28T10:01:38 IST" skipped="0">
  <testcase classname="Vtiger.TC_Vtiger_037" name="toEnterDataToCountryTextField" time="19.507"/>
  <system-out>
1234567 is entered  </system-out>
  <testcase classname="Vtiger.TC_Vtiger_037" name="toEnterDataToCountryTextField" time="21.365"/>
  <system-out>
India@!@# is entered  </system-out>
  <testcase classname="Vtiger.TC_Vtiger_037" name="toEnterDataToCountryTextField" time="21.101"/>
  <system-out>
India is entered  </system-out>
  <testcase classname="Vtiger.TC_Vtiger_037" name="toEnterDataToCountryTextField" time="21.076"/>
  <system-out>
@#$%^&* is entered  </system-out>
  <testcase classname="Vtiger.TC_Vtiger_037" name="toEnterDataToCountryTextField" time="22.142"/>
  <system-out>
India3421 is entered  </system-out>
</testsuite> <!-- Vtiger.TC_Vtiger_037 -->
