<?xml version="1.0" encoding="UTF-8"?>
<!-- Generated by org.testng.reporters.JUnitReportReporter -->
<testsuite hostname="DESKTOP-NEIIIP6" failures="0" tests="1" name="Vtiger.TC_Vtiger_014" time="24.380" errors="0" timestamp="2023-03-24T17:55:51 IST" skipped="0">
  <testcase classname="Vtiger.TC_Vtiger_014" name="toClickEdit" time="24.380"/>
  <system-out>
Edit filter page is displayed  </system-out>
</testsuite> <!-- Vtiger.TC_Vtiger_014 -->
