<?xml version="1.0" encoding="UTF-8"?>
<!-- Generated by org.testng.reporters.JUnitReportReporter -->
<testsuite hostname="DESKTOP-NEIIIP6" failures="0" tests="1" name="Demo.Sample" time="9.528" errors="0" timestamp="2023-03-24T14:59:34 IST" skipped="0">
  <testcase classname="Demo.Sample" name="run" time="9.528"/>
  <system-out/>
</testsuite> <!-- Demo.Sample -->
