<?xml version="1.0" encoding="UTF-8"?>
<!-- Generated by org.testng.reporters.JUnitReportReporter -->
<testsuite hostname="DESKTOP-NEIIIP6" failures="0" tests="1" name="Vtiger.TC_Vtiger_018" time="17.726" errors="0" timestamp="2023-03-25T10:41:13 IST" skipped="0">
  <testcase classname="Vtiger.TC_Vtiger_018" name="toClickOnMassEditButton" time="17.726"/>
  <system-out>
Send email ID's pop up is displayed  </system-out>
</testsuite> <!-- Vtiger.TC_Vtiger_018 -->
