<?xml version="1.0" encoding="UTF-8"?>
<!-- Generated by org.testng.reporters.JUnitReportReporter -->
<testsuite hostname="DESKTOP-NEIIIP6" failures="0" tests="1" name="Vtiger.TC_Vtiger_017" time="18.304" errors="0" timestamp="2023-03-25T10:32:28 IST" skipped="0">
  <testcase classname="Vtiger.TC_Vtiger_017" name="toClickOnMassEditButton" time="18.304"/>
  <system-out>
Mass Edit Page is displayed  </system-out>
</testsuite> <!-- Vtiger.TC_Vtiger_017 -->
