<?xml version="1.0" encoding="UTF-8"?>
<!-- Generated by org.testng.reporters.JUnitReportReporter -->
<testsuite hostname="DESKTOP-NEIIIP6" failures="0" tests="4" name="Vtiger.TC_Vtiger_040" time="49.470" errors="0" timestamp="2023-03-28T10:14:59 IST" skipped="0">
  <testcase classname="Vtiger.TC_Vtiger_040" name="toEnterDataDescriptionTextField" time="11.467"/>
  <system-out>
Selenium training 123455 is entered  </system-out>
  <testcase classname="Vtiger.TC_Vtiger_040" name="toEnterDataDescriptionTextField" time="11.529"/>
  <system-out>
21455365256 6466136 is entered  </system-out>
  <testcase classname="Vtiger.TC_Vtiger_040" name="toEnterDataDescriptionTextField" time="15.096"/>
  <system-out>
Selenium training is entered  </system-out>
  <testcase classname="Vtiger.TC_Vtiger_040" name="toEnterDataDescriptionTextField" time="11.378"/>
  <system-out>
!@#$%^&*( +_)(*&^% is entered  </system-out>
</testsuite> <!-- Vtiger.TC_Vtiger_040 -->
