<?xml version="1.0" encoding="UTF-8"?>
<!-- Generated by org.testng.reporters.JUnitReportReporter -->
<testsuite hostname="DESKTOP-NEIIIP6" failures="0" tests="1" name="Vtiger.TC_Vtiger_013" time="11.445" errors="0" timestamp="2023-03-24T15:26:07 IST" skipped="0">
  <testcase classname="Vtiger.TC_Vtiger_013" name="toClickFilterDropDown" time="11.445"/>
  <system-out>
All is selected Hot Leads is selected This Month Leads is selected  </system-out>
</testsuite> <!-- Vtiger.TC_Vtiger_013 -->
