<?xml version="1.0" encoding="UTF-8"?>
<!-- Generated by org.testng.reporters.JUnitReportReporter -->
<testsuite hostname="DESKTOP-NEIIIP6" failures="0" tests="1" name="Vtiger.TC_Vtiger_009" time="16.413" errors="0" timestamp="2023-03-24T17:13:38 IST" skipped="0">
  <testcase classname="Vtiger.TC_Vtiger_009" name="toClickOnLeadSetting" time="16.413"/>
  <system-out>
Leads setting page is displayed  </system-out>
</testsuite> <!-- Vtiger.TC_Vtiger_009 -->
