<?xml version="1.0" encoding="UTF-8"?>
<!-- Generated by org.testng.reporters.JUnitReportReporter -->
<testsuite hostname="DESKTOP-NEIIIP6" failures="0" tests="1" name="Vtiger.TC_Vtiger_063" time="28.075" errors="0" timestamp="2023-03-28T15:31:04 IST" skipped="0">
  <testcase classname="Vtiger.TC_Vtiger_063" name="toClickOnLeadSetting" time="28.075"/>
  <system-out>
Create lead page is displayed First name is entered Last name is entered Company name is entered Phone number is entered Website is entered Email is entered New lead is created  </system-out>
</testsuite> <!-- Vtiger.TC_Vtiger_063 -->
