<?xml version="1.0" encoding="UTF-8"?>
<!-- Generated by org.testng.reporters.JUnitReportReporter -->
<testsuite hostname="DESKTOP-NEIIIP6" failures="0" tests="1" name="Vtiger.TC_Vtiger_015" time="16.225" errors="0" timestamp="2023-03-25T10:07:56 IST" skipped="0">
  <testcase classname="Vtiger.TC_Vtiger_015" name="toClickDelete" time="16.225"/>
  <system-out>
Delete filter pop up is displayed  </system-out>
</testsuite> <!-- Vtiger.TC_Vtiger_015 -->
