<?xml version="1.0" encoding="UTF-8"?>
<!-- Generated by org.testng.reporters.JUnitReportReporter -->
<testsuite hostname="DESKTOP-NEIIIP6" failures="0" tests="1" name="Vtiger.TC_Vtiger_003" time="9.507" errors="0" timestamp="2023-03-24T15:11:55 IST" skipped="0">
  <testcase classname="Vtiger.TC_Vtiger_003" name="run" time="9.507"/>
  <system-out>
Calendar is displayed  </system-out>
</testsuite> <!-- Vtiger.TC_Vtiger_003 -->
