<?xml version="1.0" encoding="UTF-8"?>
<!-- Generated by org.testng.reporters.JUnitReportReporter -->
<testsuite hostname="DESKTOP-NEIIIP6" failures="0" tests="5" name="Vtiger.TC_Vtiger_039" time="62.305" errors="0" timestamp="2023-03-28T10:10:47 IST" skipped="0">
  <testcase classname="Vtiger.TC_Vtiger_039" name="toEnterDataCityTextField" time="11.702"/>
  <system-out>
1234567 is entered  </system-out>
  <testcase classname="Vtiger.TC_Vtiger_039" name="toEnterDataCityTextField" time="13.640"/>
  <system-out>
Bangalore@!@# is entered  </system-out>
  <testcase classname="Vtiger.TC_Vtiger_039" name="toEnterDataCityTextField" time="13.801"/>
  <system-out>
Bangalore is entered  </system-out>
  <testcase classname="Vtiger.TC_Vtiger_039" name="toEnterDataCityTextField" time="11.821"/>
  <system-out>
@#$%^&* is entered  </system-out>
  <testcase classname="Vtiger.TC_Vtiger_039" name="toEnterDataCityTextField" time="11.341"/>
  <system-out>
Bangalore3421 is entered  </system-out>
</testsuite> <!-- Vtiger.TC_Vtiger_039 -->
