<?xml version="1.0" encoding="UTF-8"?>
<!-- Generated by org.testng.reporters.JUnitReportReporter -->
<testsuite hostname="DESKTOP-NEIIIP6" failures="0" tests="5" name="Vtiger.TC_Vtiger_028" time="99.091" errors="0" timestamp="2023-03-27T15:49:36 IST" skipped="0">
  <testcase classname="Vtiger.TC_Vtiger_028" name="toEnterDataToPhone" time="20.935"/>
  <system-out>
dhghbhwq is entered  </system-out>
  <testcase classname="Vtiger.TC_Vtiger_028" name="toEnterDataToPhone" time="20.296"/>
  <system-out>
9876543210 is entered  </system-out>
  <testcase classname="Vtiger.TC_Vtiger_028" name="toEnterDataToPhone" time="19.430"/>
  <system-out>
98765432198 is entered  </system-out>
  <testcase classname="Vtiger.TC_Vtiger_028" name="toEnterDataToPhone" time="21.201"/>
  <system-out>
selenium@123 is entered  </system-out>
  <testcase classname="Vtiger.TC_Vtiger_028" name="toEnterDataToPhone" time="17.229"/>
  <system-out>
25463187 is entered  </system-out>
</testsuite> <!-- Vtiger.TC_Vtiger_028 -->
