<?xml version="1.0" encoding="UTF-8"?>
<!-- Generated by org.testng.reporters.JUnitReportReporter -->
<testsuite hostname="DESKTOP-NEIIIP6" failures="0" tests="1" name="Vtiger.TC_Vtiger_034" time="19.075" errors="0" timestamp="2023-03-27T16:30:18 IST" skipped="0">
  <testcase classname="Vtiger.TC_Vtiger_034" name="toSelectOptionInRatingDropDown" time="19.075"/>
  <system-out>
--None-- option is selected Acquired option is selected Active option is selected Market Failed option is selected Project Cancelled option is selected Shutdown option is selected  </system-out>
</testsuite> <!-- Vtiger.TC_Vtiger_034 -->
