<?xml version="1.0" encoding="UTF-8"?>
<!-- Generated by org.testng.reporters.JUnitReportReporter -->
<testsuite hostname="DESKTOP-NEIIIP6" failures="0" tests="1" name="Vtiger.TC_Vtiger_064" time="21.327" errors="0" timestamp="2023-03-28T15:55:05 IST" skipped="0">
  <testcase classname="Vtiger.TC_Vtiger_064" name="toCreateNewLeadUsingQuickCreate" time="21.327"/>
  <system-out>
Create lead page is displayed First name is entered Last name is entered Company name is entered Phone number is entered Email is entered New lead is created  </system-out>
</testsuite> <!-- Vtiger.TC_Vtiger_064 -->
