<?xml version="1.0" encoding="UTF-8"?>
<!-- Generated by org.testng.reporters.JUnitReportReporter -->
<testsuite hostname="DESKTOP-NEIIIP6" failures="0" tests="1" name="Vtiger.TC_Vtiger_025" time="31.517" errors="0" timestamp="2023-03-25T13:03:41 IST" skipped="0">
  <testcase classname="Vtiger.TC_Vtiger_025" name="toSelectOptionToIndustry" time="31.517"/>
  <system-out>
--None-- option is selected Apparel option is selected Banking option is selected Biotechnology option is selected Chemicals option is selected Communications option is selected Construction option is selected Consulting option is selected Education option is selected Electronics option is selected Energy option is selected Engineering option is selected Entertainment option is selected Environmental option is selected Finance option is selected Food & Beverage option is selected Government option is selected Healthcare option is selected Hospitality option is selected Insurance option is selected Machinery option is selected Manufacturing option is selected Media option is selected Not For Profit option is selected Recreation option is selected Retail option is selected Shipping option is selected Technology option is selected Telecommunications option is selected Transportation option is selected Utilities option is selected Other option is selected  </system-out>
</testsuite> <!-- Vtiger.TC_Vtiger_025 -->
