<?xml version="1.0" encoding="UTF-8"?>
<!-- Generated by org.testng.reporters.JUnitReportReporter -->
<testsuite hostname="DESKTOP-NEIIIP6" failures="0" tests="1" name="Vtiger.TC_Vtiger_005" time="9.784" errors="0" timestamp="2023-03-24T15:56:49 IST" skipped="0">
  <testcase classname="Vtiger.TC_Vtiger_005" name="toClickOnCalculator" time="9.784"/>
  <system-out>
Calculator is displayed  </system-out>
</testsuite> <!-- Vtiger.TC_Vtiger_005 -->
