<?xml version="1.0" encoding="UTF-8"?>
<!-- Generated by org.testng.reporters.JUnitReportReporter -->
<testsuite hostname="DESKTOP-NEIIIP6" failures="0" tests="1" name="Vtiger.TC_Vtiger_012" time="11.382" errors="0" timestamp="2023-03-24T15:25:39 IST" skipped="0">
  <testcase classname="Vtiger.TC_Vtiger_012" name="toClickFilterDropDown" time="11.382"/>
  <system-out>
Lead No is selected Last Name is selected First Name is selected Company is selected Phone is selected Website is selected Email is selected Assigned To is selected  </system-out>
</testsuite> <!-- Vtiger.TC_Vtiger_012 -->
