<?xml version="1.0" encoding="UTF-8"?>
<!-- Generated by org.testng.reporters.JUnitReportReporter -->
<testsuite hostname="DESKTOP-NEIIIP6" failures="0" tests="1" name="Vtiger.TC_Vtiger_065" time="21.619" errors="0" timestamp="2023-03-28T16:14:06 IST" skipped="0">
  <testcase classname="Vtiger.TC_Vtiger_065" name="toSearchLead" time="21.619"/>
  <system-out>
Search data is successfully entered Search data is displayed  </system-out>
</testsuite> <!-- Vtiger.TC_Vtiger_065 -->
