<?xml version="1.0" encoding="UTF-8"?>
<!-- Generated by org.testng.reporters.JUnitReportReporter -->
<testsuite hostname="DESKTOP-NEIIIP6" failures="0" tests="1" name="Vtiger.TC_Vtiger_011" time="15.793" errors="0" timestamp="2023-03-24T17:23:10 IST" skipped="0">
  <testcase classname="Vtiger.TC_Vtiger_011" name="toClickOnLeadSetting" time="15.793"/>
  <system-out>
Advance search page is displayed  </system-out>
</testsuite> <!-- Vtiger.TC_Vtiger_011 -->
