<?xml version="1.0" encoding="UTF-8"?>
<!-- Generated by org.testng.reporters.JUnitReportReporter -->
<testsuite hostname="DESKTOP-NEIIIP6" failures="0" tests="1" name="Vtiger.TC_Vtiger_001" time="10.301" errors="0" timestamp="2023-03-24T15:10:58 IST" skipped="0">
  <testcase classname="Vtiger.TC_Vtiger_001" name="run" time="10.301"/>
  <system-out>
Leads Page is displayed  </system-out>
</testsuite> <!-- Vtiger.TC_Vtiger_001 -->
