<?xml version="1.0" encoding="UTF-8"?>
<!-- Generated by org.testng.reporters.JUnitReportReporter -->
<testsuite hostname="DESKTOP-NEIIIP6" failures="0" tests="5" name="Vtiger.TC_Vtiger_029" time="101.176" errors="0" timestamp="2023-03-27T15:56:51 IST" skipped="0">
  <testcase classname="Vtiger.TC_Vtiger_029" name="toEnterDataToMobileTextField" time="20.286"/>
  <system-out>
25463187 is entered  </system-out>
  <testcase classname="Vtiger.TC_Vtiger_029" name="toEnterDataToMobileTextField" time="23.173"/>
  <system-out>
98765432198 is entered  </system-out>
  <testcase classname="Vtiger.TC_Vtiger_029" name="toEnterDataToMobileTextField" time="18.722"/>
  <system-out>
9876543210 is entered  </system-out>
  <testcase classname="Vtiger.TC_Vtiger_029" name="toEnterDataToMobileTextField" time="19.902"/>
  <system-out>
dhghbhwq is entered  </system-out>
  <testcase classname="Vtiger.TC_Vtiger_029" name="toEnterDataToMobileTextField" time="19.093"/>
  <system-out>
selenium@123 is entered  </system-out>
</testsuite> <!-- Vtiger.TC_Vtiger_029 -->
