<?xml version="1.0" encoding="UTF-8"?>
<!-- Generated by org.testng.reporters.JUnitReportReporter -->
<testsuite hostname="DESKTOP-NEIIIP6" failures="0" tests="1" name="Vtiger.TC_Vtiger_062" time="33.491" errors="0" timestamp="2023-03-28T14:50:19 IST" skipped="0">
  <testcase classname="Vtiger.TC_Vtiger_062" name="toClickOnLeadSetting" time="33.491"/>
  <system-out>
Mail is saved in email page  </system-out>
</testsuite> <!-- Vtiger.TC_Vtiger_062 -->
