<?xml version="1.0" encoding="UTF-8"?>
<!-- Generated by org.testng.reporters.JUnitReportReporter -->
<testsuite hostname="DESKTOP-NEIIIP6" failures="0" tests="1" name="Vtiger.TC_Vtiger_008" time="15.656" errors="0" timestamp="2023-03-24T17:06:21 IST" skipped="0">
  <testcase classname="Vtiger.TC_Vtiger_008" name="toClickOnImportLeads" time="15.656"/>
  <system-out>
Export leads page is displayed  </system-out>
</testsuite> <!-- Vtiger.TC_Vtiger_008 -->
