<?xml version="1.0" encoding="UTF-8"?>
<!-- Generated by org.testng.reporters.JUnitReportReporter -->
<testsuite hostname="DESKTOP-NEIIIP6" failures="0" tests="1" name="Vtiger.TC_Vtiger_004" time="10.114" errors="0" timestamp="2023-03-24T15:34:19 IST" skipped="0">
  <testcase classname="Vtiger.TC_Vtiger_004" name="toClickOnClock" time="10.114"/>
  <system-out>
clock is displayed  </system-out>
</testsuite> <!-- Vtiger.TC_Vtiger_004 -->
